# JRE version: OpenJDK Runtime Environment Temurin-21.0.10+7 (21.0.10+7) (build 21.0.10+7-LTS)
# Java VM: OpenJDK 64-Bit Server VM Temurin-21.0.10+7 (21.0.10+7-LTS, mixed mode, sharing, tiered, compressed oops, compressed class ptrs, parallel gc, windows-amd64)
GC Precious Log:
 CardTable entry size: 512
 CPUs: 8 total, 8 available
 Memory: 12166M
 Large Page Support: Disabled
 NUMA Support: Disabled
 Compressed Oops: Enabled (32-bit)
 Alignments: Space 512K, Generation 512K, Heap 2M
 Heap Min Capacity: 100M
 Heap Initial Capacity: 100M
 Heap Max Capacity: 2G
 Pre-touch: Disabled
 Parallel Workers: 8
Heap:
 PSYoungGen      total 9216K, used 346K [0x00000000d5580000, 0x00000000d6080000, 0x0000000100000000)
  eden space 8704K, 1% used [0x00000000d5580000,0x00000000d5596b58,0x00000000d5e00000)
  from space 512K, 50% used [0x00000000d6000000,0x00000000d6040000,0x00000000d6080000)
  to   space 512K, 0% used [0x00000000d5f80000,0x00000000d5f80000,0x00000000d6000000)
 ParOldGen       total 154624K, used 154305K [0x0000000080000000, 0x0000000089700000, 0x00000000d5580000)
  object space 154624K, 99% used [0x0000000080000000,0x00000000896b0710,0x0000000089700000)
 Metaspace       used 73314K, committed 74816K, reserved 1179648K
  class space    used 7379K, committed 8064K, reserved 1048576K
GC Heap History (20 events):
Event: 1260.833 GC heap before
{Heap before GC invocations=146 (full 3):
 PSYoungGen      total 9216K, used 8912K [0x00000000d5580000, 0x00000000d6000000, 0x0000000100000000)
  eden space 8704K, 100% used [0x00000000d5580000,0x00000000d5e00000,0x00000000d5e00000)
  from space 512K, 40% used [0x00000000d5f80000,0x00000000d5fb4010,0x00000000d6000000)
  to   space 1024K, 0% used [0x00000000d5e00000,0x00000000d5e00000,0x00000000d5f00000)
 ParOldGen       total 150528K, used 150217K [0x0000000080000000, 0x0000000089300000, 0x00000000d5580000)
  object space 150528K, 99% used [0x0000000080000000,0x00000000892b2678,0x0000000089300000)
 Metaspace       used 69520K, committed 70976K, reserved 1114112K
  class space    used 7058K, committed 7680K, reserved 1048576K
}
Event: 1260.834 GC heap after
{Heap after GC invocations=146 (full 3):
 PSYoungGen      total 9728K, used 256K [0x00000000d5580000, 0x00000000d6000000, 0x0000000100000000)
  eden space 8704K, 0% used [0x00000000d5580000,0x00000000d5580000,0x00000000d5e00000)
  from space 1024K, 25% used [0x00000000d5e00000,0x00000000d5e40000,0x00000000d5f00000)
  to   space 512K, 0% used [0x00000000d5f80000,0x00000000d5f80000,0x00000000d6000000)
 ParOldGen       total 150528K, used 150249K [0x0000000080000000, 0x0000000089300000, 0x00000000d5580000)
  object space 150528K, 99% used [0x0000000080000000,0x00000000892ba678,0x0000000089300000)
 Metaspace       used 69520K, committed 70976K, reserved 1114112K
  class space    used 7058K, committed 7680K, reserved 1048576K
}
Event: 1280.123 GC heap before
{Heap before GC invocations=147 (full 3):
 PSYoungGen      total 9728K, used 8960K [0x00000000d5580000, 0x00000000d6000000, 0x0000000100000000)
  eden space 8704K, 100% used [0x00000000d5580000,0x00000000d5e00000,0x00000000d5e00000)
  from space 1024K, 25% used [0x00000000d5e00000,0x00000000d5e40000,0x00000000d5f00000)
  to   space 512K, 0% used [0x00000000d5f80000,0x00000000d5f80000,0x00000000d6000000)
 ParOldGen       total 150528K, used 150249K [0x0000000080000000, 0x0000000089300000, 0x00000000d5580000)
  object space 150528K, 99% used [0x0000000080000000,0x00000000892ba678,0x0000000089300000)
 Metaspace       used 70608K, committed 72128K, reserved 1114112K
  class space    used 7145K, committed 7808K, reserved 1048576K
}
Event: 1280.126 GC heap after
{Heap after GC invocations=147 (full 3):
 PSYoungGen      total 9216K, used 512K [0x00000000d5580000, 0x00000000d6000000, 0x0000000100000000)
  eden space 8704K, 0% used [0x00000000d5580000,0x00000000d5580000,0x00000000d5e00000)
  from space 512K, 100% used [0x00000000d5f80000,0x00000000d6000000,0x00000000d6000000)
  to   space 1024K, 0% used [0x00000000d5e00000,0x00000000d5e00000,0x00000000d5f00000)
 ParOldGen       total 150528K, used 150449K [0x0000000080000000, 0x0000000089300000, 0x00000000d5580000)
  object space 150528K, 99% used [0x0000000080000000,0x00000000892ec698,0x0000000089300000)
 Metaspace       used 70608K, committed 72128K, reserved 1114112K
  class space    used 7145K, committed 7808K, reserved 1048576K
}
Event: 1280.265 GC heap before
{Heap before GC invocations=148 (full 3):
 PSYoungGen      total 9216K, used 9216K [0x00000000d5580000, 0x00000000d6000000, 0x0000000100000000)
  eden space 8704K, 100% used [0x00000000d5580000,0x00000000d5e00000,0x00000000d5e00000)
  from space 512K, 100% used [0x00000000d5f80000,0x00000000d6000000,0x00000000d6000000)
  to   space 1024K, 0% used [0x00000000d5e00000,0x00000000d5e00000,0x00000000d5f00000)
 ParOldGen       total 150528K, used 150449K [0x0000000080000000, 0x0000000089300000, 0x00000000d5580000)
  object space 150528K, 99% used [0x0000000080000000,0x00000000892ec698,0x0000000089300000)
 Metaspace       used 70659K, committed 72192K, reserved 1114112K
  class space    used 7151K, committed 7808K, reserved 1048576K
}
Event: 1280.268 GC heap after
{Heap after GC invocations=148 (full 3):
 PSYoungGen      total 9728K, used 1012K [0x00000000d5580000, 0x00000000d6200000, 0x0000000100000000)
  eden space 8704K, 0% used [0x00000000d5580000,0x00000000d5580000,0x00000000d5e00000)
  from space 1024K, 98% used [0x00000000d5e00000,0x00000000d5efd220,0x00000000d5f00000)
  to   space 2048K, 0% used [0x00000000d6000000,0x00000000d6000000,0x00000000d6200000)
 ParOldGen       total 151552K, used 151091K [0x0000000080000000, 0x0000000089400000, 0x00000000d5580000)
  object space 151552K, 99% used [0x0000000080000000,0x000000008938cf98,0x0000000089400000)
 Metaspace       used 70659K, committed 72192K, reserved 1114112K
  class space    used 7151K, committed 7808K, reserved 1048576K
}
Event: 1280.590 GC heap before
{Heap before GC invocations=149 (full 3):
 PSYoungGen      total 9728K, used 7962K [0x00000000d5580000, 0x00000000d6200000, 0x0000000100000000)
  eden space 8704K, 79% used [0x00000000d5580000,0x00000000d5c49900,0x00000000d5e00000)
  from space 1024K, 98% used [0x00000000d5e00000,0x00000000d5efd220,0x00000000d5f00000)
  to   space 2048K, 0% used [0x00000000d6000000,0x00000000d6000000,0x00000000d6200000)
 ParOldGen       total 151552K, used 151091K [0x0000000080000000, 0x0000000089400000, 0x00000000d5580000)
  object space 151552K, 99% used [0x0000000080000000,0x000000008938cf98,0x0000000089400000)
 Metaspace       used 71564K, committed 73088K, reserved 1114112K
  class space    used 7230K, committed 7872K, reserved 1048576K
}
Event: 1280.594 GC heap after
{Heap after GC invocations=149 (full 3):
 PSYoungGen      total 9728K, used 836K [0x00000000d5580000, 0x00000000d6100000, 0x0000000100000000)
  eden space 8704K, 0% used [0x00000000d5580000,0x00000000d5580000,0x00000000d5e00000)
  from space 1024K, 81% used [0x00000000d6000000,0x00000000d60d13c8,0x00000000d6100000)
  to   space 1536K, 0% used [0x00000000d5e00000,0x00000000d5e00000,0x00000000d5f80000)
 ParOldGen       total 152576K, used 152149K [0x0000000080000000, 0x0000000089500000, 0x00000000d5580000)
  object space 152576K, 99% used [0x0000000080000000,0x0000000089495680,0x0000000089500000)
 Metaspace       used 71564K, committed 73088K, reserved 1114112K
  class space    used 7230K, committed 7872K, reserved 1048576K
}
Event: 1280.931 GC heap before
{Heap before GC invocations=150 (full 3):
 PSYoungGen      total 9728K, used 9540K [0x00000000d5580000, 0x00000000d6100000, 0x0000000100000000)
  eden space 8704K, 100% used [0x00000000d5580000,0x00000000d5e00000,0x00000000d5e00000)
  from space 1024K, 81% used [0x00000000d6000000,0x00000000d60d13c8,0x00000000d6100000)
  to   space 1536K, 0% used [0x00000000d5e00000,0x00000000d5e00000,0x00000000d5f80000)
 ParOldGen       total 152576K, used 152149K [0x0000000080000000, 0x0000000089500000, 0x00000000d5580000)
  object space 152576K, 99% used [0x0000000080000000,0x0000000089495680,0x0000000089500000)
 Metaspace       used 71978K, committed 73472K, reserved 1114112K
  class space    used 7264K, committed 7936K, reserved 1048576K
}
Event: 1280.935 GC heap after
{Heap after GC invocations=150 (full 3):
 PSYoungGen      total 10240K, used 1515K [0x00000000d5580000, 0x00000000d6300000, 0x0000000100000000)
  eden space 8704K, 0% used [0x00000000d5580000,0x00000000d5580000,0x00000000d5e00000)
  from space 1536K, 98% used [0x00000000d5e00000,0x00000000d5f7ad48,0x00000000d5f80000)
  to   space 2560K, 0% used [0x00000000d6080000,0x00000000d6080000,0x00000000d6300000)
 ParOldGen       total 153088K, used 152662K [0x0000000080000000, 0x0000000089580000, 0x00000000d5580000)
  object space 153088K, 99% used [0x0000000080000000,0x0000000089515bc0,0x0000000089580000)
 Metaspace       used 71978K, committed 73472K, reserved 1114112K
  class space    used 7264K, committed 7936K, reserved 1048576K
}
Event: 1281.445 GC heap before
{Heap before GC invocations=151 (full 3):
 PSYoungGen      total 10240K, used 10219K [0x00000000d5580000, 0x00000000d6300000, 0x0000000100000000)
  eden space 8704K, 100% used [0x00000000d5580000,0x00000000d5e00000,0x00000000d5e00000)
  from space 1536K, 98% used [0x00000000d5e00000,0x00000000d5f7ad48,0x00000000d5f80000)
  to   space 2560K, 0% used [0x00000000d6080000,0x00000000d6080000,0x00000000d6300000)
 ParOldGen       total 153088K, used 152662K [0x0000000080000000, 0x0000000089580000, 0x00000000d5580000)
  object space 153088K, 99% used [0x0000000080000000,0x0000000089515bc0,0x0000000089580000)
 Metaspace       used 72822K, committed 74304K, reserved 1179648K
  class space    used 7349K, committed 8000K, reserved 1048576K
}
Event: 1281.450 GC heap after
{Heap after GC invocations=151 (full 3):
 PSYoungGen      total 10240K, used 1363K [0x00000000d5580000, 0x00000000d6200000, 0x0000000100000000)
  eden space 8704K, 0% used [0x00000000d5580000,0x00000000d5580000,0x00000000d5e00000)
  from space 1536K, 88% used [0x00000000d6080000,0x00000000d61d4dd8,0x00000000d6200000)
  to   space 2048K, 0% used [0x00000000d5e00000,0x00000000d5e00000,0x00000000d6000000)
 ParOldGen       total 154112K, used 153676K [0x0000000080000000, 0x0000000089680000, 0x00000000d5580000)
  object space 154112K, 99% used [0x0000000080000000,0x00000000896130e8,0x0000000089680000)
 Metaspace       used 72822K, committed 74304K, reserved 1179648K
  class space    used 7349K, committed 8000K, reserved 1048576K
}
Event: 1282.627 GC heap before
{Heap before GC invocations=152 (full 3):
 PSYoungGen      total 10240K, used 10067K [0x00000000d5580000, 0x00000000d6200000, 0x0000000100000000)
  eden space 8704K, 100% used [0x00000000d5580000,0x00000000d5e00000,0x00000000d5e00000)
  from space 1536K, 88% used [0x00000000d6080000,0x00000000d61d4dd8,0x00000000d6200000)
  to   space 2048K, 0% used [0x00000000d5e00000,0x00000000d5e00000,0x00000000d6000000)
 ParOldGen       total 154112K, used 153676K [0x0000000080000000, 0x0000000089680000, 0x00000000d5580000)
  object space 154112K, 99% used [0x0000000080000000,0x00000000896130e8,0x0000000089680000)
 Metaspace       used 73266K, committed 74752K, reserved 1179648K
  class space    used 7379K, committed 8064K, reserved 1048576K
}
Event: 1282.630 GC heap after
{Heap after GC invocations=152 (full 3):
 PSYoungGen      total 10752K, used 602K [0x00000000d5580000, 0x00000000d6100000, 0x0000000100000000)
  eden space 8704K, 0% used [0x00000000d5580000,0x00000000d5580000,0x00000000d5e00000)
  from space 2048K, 29% used [0x00000000d5e00000,0x00000000d5e96900,0x00000000d6000000)
  to   space 1024K, 0% used [0x00000000d6000000,0x00000000d6000000,0x00000000d6100000)
 ParOldGen       total 154112K, used 153996K [0x0000000080000000, 0x0000000089680000, 0x00000000d5580000)
  object space 154112K, 99% used [0x0000000080000000,0x00000000896630e8,0x0000000089680000)
 Metaspace       used 73266K, committed 74752K, reserved 1179648K
  class space    used 7379K, committed 8064K, reserved 1048576K
}
Event: 1282.820 GC heap before
{Heap before GC invocations=153 (full 3):
 PSYoungGen      total 10752K, used 9306K [0x00000000d5580000, 0x00000000d6100000, 0x0000000100000000)
  eden space 8704K, 100% used [0x00000000d5580000,0x00000000d5e00000,0x00000000d5e00000)
  from space 2048K, 29% used [0x00000000d5e00000,0x00000000d5e96900,0x00000000d6000000)
  to   space 1024K, 0% used [0x00000000d6000000,0x00000000d6000000,0x00000000d6100000)
 ParOldGen       total 154112K, used 153996K [0x0000000080000000, 0x0000000089680000, 0x00000000d5580000)
  object space 154112K, 99% used [0x0000000080000000,0x00000000896630e8,0x0000000089680000)
 Metaspace       used 73280K, committed 74752K, reserved 1179648K
  class space    used 7379K, committed 8064K, reserved 1048576K
}
Event: 1282.821 GC heap after
{Heap after GC invocations=153 (full 3):
 PSYoungGen      total 9216K, used 490K [0x00000000d5580000, 0x00000000d6080000, 0x0000000100000000)
  eden space 8704K, 0% used [0x00000000d5580000,0x00000000d5580000,0x00000000d5e00000)
  from space 512K, 95% used [0x00000000d6000000,0x00000000d607a910,0x00000000d6080000)
  to   space 1024K, 0% used [0x00000000d5e80000,0x00000000d5e80000,0x00000000d5f80000)
 ParOldGen       total 154624K, used 154145K [0x0000000080000000, 0x0000000089700000, 0x00000000d5580000)
  object space 154624K, 99% used [0x0000000080000000,0x0000000089688710,0x0000000089700000)
 Metaspace       used 73280K, committed 74752K, reserved 1179648K
  class space    used 7379K, committed 8064K, reserved 1048576K
}
Event: 1285.669 GC heap before
{Heap before GC invocations=154 (full 3):
 PSYoungGen      total 9216K, used 9194K [0x00000000d5580000, 0x00000000d6080000, 0x0000000100000000)
  eden space 8704K, 100% used [0x00000000d5580000,0x00000000d5e00000,0x00000000d5e00000)
  from space 512K, 95% used [0x00000000d6000000,0x00000000d607a910,0x00000000d6080000)
  to   space 1024K, 0% used [0x00000000d5e80000,0x00000000d5e80000,0x00000000d5f80000)
 ParOldGen       total 154624K, used 154145K [0x0000000080000000, 0x0000000089700000, 0x00000000d5580000)
  object space 154624K, 99% used [0x0000000080000000,0x0000000089688710,0x0000000089700000)
 Metaspace       used 73309K, committed 74816K, reserved 1179648K
  class space    used 7379K, committed 8064K, reserved 1048576K
}
Event: 1285.673 GC heap after
{Heap after GC invocations=154 (full 3):
 PSYoungGen      total 9728K, used 256K [0x00000000d5580000, 0x00000000d6080000, 0x0000000100000000)
  eden space 8704K, 0% used [0x00000000d5580000,0x00000000d5580000,0x00000000d5e00000)
  from space 1024K, 25% used [0x00000000d5e80000,0x00000000d5ec0000,0x00000000d5f80000)
  to   space 512K, 0% used [0x00000000d6000000,0x00000000d6000000,0x00000000d6080000)
 ParOldGen       total 154624K, used 154177K [0x0000000080000000, 0x0000000089700000, 0x00000000d5580000)
  object space 154624K, 99% used [0x0000000080000000,0x0000000089690710,0x0000000089700000)
 Metaspace       used 73309K, committed 74816K, reserved 1179648K
  class space    used 7379K, committed 8064K, reserved 1048576K
}
Event: 1302.901 GC heap before
{Heap before GC invocations=155 (full 3):
 PSYoungGen      total 9728K, used 8960K [0x00000000d5580000, 0x00000000d6080000, 0x0000000100000000)
  eden space 8704K, 100% used [0x00000000d5580000,0x00000000d5e00000,0x00000000d5e00000)
  from space 1024K, 25% used [0x00000000d5e80000,0x00000000d5ec0000,0x00000000d5f80000)
  to   space 512K, 0% used [0x00000000d6000000,0x00000000d6000000,0x00000000d6080000)
 ParOldGen       total 154624K, used 154177K [0x0000000080000000, 0x0000000089700000, 0x00000000d5580000)
  object space 154624K, 99% used [0x0000000080000000,0x0000000089690710,0x0000000089700000)
 Metaspace       used 73314K, committed 74816K, reserved 1179648K
  class space    used 7379K, committed 8064K, reserved 1048576K
}
Event: 1302.904 GC heap after
{Heap after GC invocations=155 (full 3):
 PSYoungGen      total 9216K, used 256K [0x00000000d5580000, 0x00000000d6080000, 0x0000000100000000)
  eden space 8704K, 0% used [0x00000000d5580000,0x00000000d5580000,0x00000000d5e00000)
  from space 512K, 50% used [0x00000000d6000000,0x00000000d6040000,0x00000000d6080000)
  to   space 512K, 0% used [0x00000000d5f80000,0x00000000d5f80000,0x00000000d6000000)
 ParOldGen       total 154624K, used 154305K [0x0000000080000000, 0x0000000089700000, 0x00000000d5580000)
  object space 154624K, 99% used [0x0000000080000000,0x00000000896b0710,0x0000000089700000)
 Metaspace       used 73314K, committed 74816K, reserved 1179648K
  class space    used 7379K, committed 8064K, reserved 1048576K
}

