# JRE version: OpenJDK Runtime Environment Temurin-21.0.10+7 (21.0.10+7) (build 21.0.10+7-LTS)
# Java VM: OpenJDK 64-Bit Server VM Temurin-21.0.10+7 (21.0.10+7-LTS, mixed mode, sharing, tiered, compressed oops, compressed class ptrs, parallel gc, windows-amd64)
GC Precious Log:
 CardTable entry size: 512
 CPUs: 8 total, 8 available
 Memory: 12166M
 Large Page Support: Disabled
 NUMA Support: Disabled
 Compressed Oops: Enabled (32-bit)
 Alignments: Space 512K, Generation 512K, Heap 2M
 Heap Min Capacity: 100M
 Heap Initial Capacity: 100M
 Heap Max Capacity: 2G
 Pre-touch: Disabled
 Parallel Workers: 8
Heap:
 PSYoungGen      total 17408K, used 11672K [0x00000000d5580000, 0x00000000d6d80000, 0x0000000100000000)
  eden space 16384K, 65% used [0x00000000d5580000,0x00000000d5fea218,0x00000000d6580000)
  from space 1024K, 98% used [0x00000000d6600000,0x00000000d66fc140,0x00000000d6700000)
  to   space 4096K, 0% used [0x00000000d6980000,0x00000000d6980000,0x00000000d6d80000)
 ParOldGen       total 68608K, used 51678K [0x0000000080000000, 0x0000000084300000, 0x00000000d5580000)
  object space 68608K, 75% used [0x0000000080000000,0x0000000083277be8,0x0000000084300000)
 Metaspace       used 57218K, committed 58688K, reserved 1114112K
  class space    used 6147K, committed 6784K, reserved 1048576K
GC Heap History (20 events):
Event: 107.440 GC heap before
{Heap before GC invocations=28 (full 2):
 PSYoungGen      total 18432K, used 18340K [0x00000000d5580000, 0x00000000d6980000, 0x0000000100000000)
  eden space 16384K, 100% used [0x00000000d5580000,0x00000000d6580000,0x00000000d6580000)
  from space 2048K, 95% used [0x00000000d6580000,0x00000000d6769000,0x00000000d6780000)
  to   space 2048K, 0% used [0x00000000d6780000,0x00000000d6780000,0x00000000d6980000)
 ParOldGen       total 68608K, used 40964K [0x0000000080000000, 0x0000000084300000, 0x00000000d5580000)
  object space 68608K, 59% used [0x0000000080000000,0x00000000828011e0,0x0000000084300000)
 Metaspace       used 49136K, committed 50560K, reserved 1114112K
  class space    used 5339K, committed 5952K, reserved 1048576K
}
Event: 107.445 GC heap after
{Heap after GC invocations=28 (full 2):
 PSYoungGen      total 18432K, used 1984K [0x00000000d5580000, 0x00000000d6980000, 0x0000000100000000)
  eden space 16384K, 0% used [0x00000000d5580000,0x00000000d5580000,0x00000000d6580000)
  from space 2048K, 96% used [0x00000000d6780000,0x00000000d6970010,0x00000000d6980000)
  to   space 2048K, 0% used [0x00000000d6580000,0x00000000d6580000,0x00000000d6780000)
 ParOldGen       total 68608K, used 42778K [0x0000000080000000, 0x0000000084300000, 0x00000000d5580000)
  object space 68608K, 62% used [0x0000000080000000,0x00000000829c6808,0x0000000084300000)
 Metaspace       used 49136K, committed 50560K, reserved 1114112K
  class space    used 5339K, committed 5952K, reserved 1048576K
}
Event: 107.887 GC heap before
{Heap before GC invocations=29 (full 2):
 PSYoungGen      total 18432K, used 18368K [0x00000000d5580000, 0x00000000d6980000, 0x0000000100000000)
  eden space 16384K, 100% used [0x00000000d5580000,0x00000000d6580000,0x00000000d6580000)
  from space 2048K, 96% used [0x00000000d6780000,0x00000000d6970010,0x00000000d6980000)
  to   space 2048K, 0% used [0x00000000d6580000,0x00000000d6580000,0x00000000d6780000)
 ParOldGen       total 68608K, used 42778K [0x0000000080000000, 0x0000000084300000, 0x00000000d5580000)
  object space 68608K, 62% used [0x0000000080000000,0x00000000829c6808,0x0000000084300000)
 Metaspace       used 49164K, committed 50560K, reserved 1114112K
  class space    used 5339K, committed 5952K, reserved 1048576K
}
Event: 107.891 GC heap after
{Heap after GC invocations=29 (full 2):
 PSYoungGen      total 18432K, used 1696K [0x00000000d5580000, 0x00000000d6980000, 0x0000000100000000)
  eden space 16384K, 0% used [0x00000000d5580000,0x00000000d5580000,0x00000000d6580000)
  from space 2048K, 82% used [0x00000000d6580000,0x00000000d6728000,0x00000000d6780000)
  to   space 2048K, 0% used [0x00000000d6780000,0x00000000d6780000,0x00000000d6980000)
 ParOldGen       total 68608K, used 44634K [0x0000000080000000, 0x0000000084300000, 0x00000000d5580000)
  object space 68608K, 65% used [0x0000000080000000,0x0000000082b96818,0x0000000084300000)
 Metaspace       used 49164K, committed 50560K, reserved 1114112K
  class space    used 5339K, committed 5952K, reserved 1048576K
}
Event: 108.180 GC heap before
{Heap before GC invocations=30 (full 2):
 PSYoungGen      total 18432K, used 18080K [0x00000000d5580000, 0x00000000d6980000, 0x0000000100000000)
  eden space 16384K, 100% used [0x00000000d5580000,0x00000000d6580000,0x00000000d6580000)
  from space 2048K, 82% used [0x00000000d6580000,0x00000000d6728000,0x00000000d6780000)
  to   space 2048K, 0% used [0x00000000d6780000,0x00000000d6780000,0x00000000d6980000)
 ParOldGen       total 68608K, used 44634K [0x0000000080000000, 0x0000000084300000, 0x00000000d5580000)
  object space 68608K, 65% used [0x0000000080000000,0x0000000082b96818,0x0000000084300000)
 Metaspace       used 50111K, committed 51456K, reserved 1114112K
  class space    used 5478K, committed 6080K, reserved 1048576K
}
Event: 108.186 GC heap after
{Heap after GC invocations=30 (full 2):
 PSYoungGen      total 17920K, used 1336K [0x00000000d5580000, 0x00000000d6900000, 0x0000000100000000)
  eden space 16384K, 0% used [0x00000000d5580000,0x00000000d5580000,0x00000000d6580000)
  from space 1536K, 87% used [0x00000000d6780000,0x00000000d68ce3e8,0x00000000d6900000)
  to   space 1536K, 0% used [0x00000000d6600000,0x00000000d6600000,0x00000000d6780000)
 ParOldGen       total 68608K, used 46202K [0x0000000080000000, 0x0000000084300000, 0x00000000d5580000)
  object space 68608K, 67% used [0x0000000080000000,0x0000000082d1ea18,0x0000000084300000)
 Metaspace       used 50111K, committed 51456K, reserved 1114112K
  class space    used 5478K, committed 6080K, reserved 1048576K
}
Event: 111.209 GC heap before
{Heap before GC invocations=31 (full 2):
 PSYoungGen      total 17920K, used 17720K [0x00000000d5580000, 0x00000000d6900000, 0x0000000100000000)
  eden space 16384K, 100% used [0x00000000d5580000,0x00000000d6580000,0x00000000d6580000)
  from space 1536K, 87% used [0x00000000d6780000,0x00000000d68ce3e8,0x00000000d6900000)
  to   space 1536K, 0% used [0x00000000d6600000,0x00000000d6600000,0x00000000d6780000)
 ParOldGen       total 68608K, used 46202K [0x0000000080000000, 0x0000000084300000, 0x00000000d5580000)
  object space 68608K, 67% used [0x0000000080000000,0x0000000082d1ea18,0x0000000084300000)
 Metaspace       used 51585K, committed 52992K, reserved 1114112K
  class space    used 5637K, committed 6272K, reserved 1048576K
}
Event: 111.213 GC heap after
{Heap after GC invocations=31 (full 2):
 PSYoungGen      total 17408K, used 523K [0x00000000d5580000, 0x00000000d6800000, 0x0000000100000000)
  eden space 16384K, 0% used [0x00000000d5580000,0x00000000d5580000,0x00000000d6580000)
  from space 1024K, 51% used [0x00000000d6600000,0x00000000d6682e58,0x00000000d6700000)
  to   space 1024K, 0% used [0x00000000d6700000,0x00000000d6700000,0x00000000d6800000)
 ParOldGen       total 68608K, used 47224K [0x0000000080000000, 0x0000000084300000, 0x00000000d5580000)
  object space 68608K, 68% used [0x0000000080000000,0x0000000082e1e328,0x0000000084300000)
 Metaspace       used 51585K, committed 52992K, reserved 1114112K
  class space    used 5637K, committed 6272K, reserved 1048576K
}
Event: 114.097 GC heap before
{Heap before GC invocations=32 (full 2):
 PSYoungGen      total 17408K, used 16907K [0x00000000d5580000, 0x00000000d6800000, 0x0000000100000000)
  eden space 16384K, 100% used [0x00000000d5580000,0x00000000d6580000,0x00000000d6580000)
  from space 1024K, 51% used [0x00000000d6600000,0x00000000d6682e58,0x00000000d6700000)
  to   space 1024K, 0% used [0x00000000d6700000,0x00000000d6700000,0x00000000d6800000)
 ParOldGen       total 68608K, used 47224K [0x0000000080000000, 0x0000000084300000, 0x00000000d5580000)
  object space 68608K, 68% used [0x0000000080000000,0x0000000082e1e328,0x0000000084300000)
 Metaspace       used 52518K, committed 53952K, reserved 1114112K
  class space    used 5726K, committed 6336K, reserved 1048576K
}
Event: 114.101 GC heap after
{Heap after GC invocations=32 (full 2):
 PSYoungGen      total 16896K, used 416K [0x00000000d5580000, 0x00000000d6780000, 0x0000000100000000)
  eden space 16384K, 0% used [0x00000000d5580000,0x00000000d5580000,0x00000000d6580000)
  from space 512K, 81% used [0x00000000d6700000,0x00000000d6768000,0x00000000d6780000)
  to   space 512K, 0% used [0x00000000d6680000,0x00000000d6680000,0x00000000d6700000)
 ParOldGen       total 68608K, used 47624K [0x0000000080000000, 0x0000000084300000, 0x00000000d5580000)
  object space 68608K, 69% used [0x0000000080000000,0x0000000082e820b8,0x0000000084300000)
 Metaspace       used 52518K, committed 53952K, reserved 1114112K
  class space    used 5726K, committed 6336K, reserved 1048576K
}
Event: 115.282 GC heap before
{Heap before GC invocations=33 (full 2):
 PSYoungGen      total 16896K, used 16800K [0x00000000d5580000, 0x00000000d6780000, 0x0000000100000000)
  eden space 16384K, 100% used [0x00000000d5580000,0x00000000d6580000,0x00000000d6580000)
  from space 512K, 81% used [0x00000000d6700000,0x00000000d6768000,0x00000000d6780000)
  to   space 512K, 0% used [0x00000000d6680000,0x00000000d6680000,0x00000000d6700000)
 ParOldGen       total 68608K, used 47624K [0x0000000080000000, 0x0000000084300000, 0x00000000d5580000)
  object space 68608K, 69% used [0x0000000080000000,0x0000000082e820b8,0x0000000084300000)
 Metaspace       used 53300K, committed 54720K, reserved 1114112K
  class space    used 5788K, committed 6400K, reserved 1048576K
}
Event: 115.285 GC heap after
{Heap after GC invocations=33 (full 2):
 PSYoungGen      total 16896K, used 499K [0x00000000d5580000, 0x00000000d6980000, 0x0000000100000000)
  eden space 16384K, 0% used [0x00000000d5580000,0x00000000d5580000,0x00000000d6580000)
  from space 512K, 97% used [0x00000000d6680000,0x00000000d66fcdf8,0x00000000d6700000)
  to   space 2048K, 0% used [0x00000000d6780000,0x00000000d6780000,0x00000000d6980000)
 ParOldGen       total 68608K, used 48806K [0x0000000080000000, 0x0000000084300000, 0x00000000d5580000)
  object space 68608K, 71% used [0x0000000080000000,0x0000000082fa99d0,0x0000000084300000)
 Metaspace       used 53300K, committed 54720K, reserved 1114112K
  class space    used 5788K, committed 6400K, reserved 1048576K
}
Event: 115.754 GC heap before
{Heap before GC invocations=34 (full 2):
 PSYoungGen      total 16896K, used 16883K [0x00000000d5580000, 0x00000000d6980000, 0x0000000100000000)
  eden space 16384K, 100% used [0x00000000d5580000,0x00000000d6580000,0x00000000d6580000)
  from space 512K, 97% used [0x00000000d6680000,0x00000000d66fcdf8,0x00000000d6700000)
  to   space 2048K, 0% used [0x00000000d6780000,0x00000000d6780000,0x00000000d6980000)
 ParOldGen       total 68608K, used 48806K [0x0000000080000000, 0x0000000084300000, 0x00000000d5580000)
  object space 68608K, 71% used [0x0000000080000000,0x0000000082fa99d0,0x0000000084300000)
 Metaspace       used 53319K, committed 54720K, reserved 1114112K
  class space    used 5788K, committed 6400K, reserved 1048576K
}
Event: 115.756 GC heap after
{Heap after GC invocations=34 (full 2):
 PSYoungGen      total 17408K, used 905K [0x00000000d5580000, 0x00000000d6880000, 0x0000000100000000)
  eden space 16384K, 0% used [0x00000000d5580000,0x00000000d5580000,0x00000000d6580000)
  from space 1024K, 88% used [0x00000000d6780000,0x00000000d6862710,0x00000000d6880000)
  to   space 1536K, 0% used [0x00000000d6580000,0x00000000d6580000,0x00000000d6700000)
 ParOldGen       total 68608K, used 48966K [0x0000000080000000, 0x0000000084300000, 0x00000000d5580000)
  object space 68608K, 71% used [0x0000000080000000,0x0000000082fd19d0,0x0000000084300000)
 Metaspace       used 53319K, committed 54720K, reserved 1114112K
  class space    used 5788K, committed 6400K, reserved 1048576K
}
Event: 117.627 GC heap before
{Heap before GC invocations=35 (full 2):
 PSYoungGen      total 17408K, used 17199K [0x00000000d5580000, 0x00000000d6880000, 0x0000000100000000)
  eden space 16384K, 99% used [0x00000000d5580000,0x00000000d65696c8,0x00000000d6580000)
  from space 1024K, 88% used [0x00000000d6780000,0x00000000d6862710,0x00000000d6880000)
  to   space 1536K, 0% used [0x00000000d6580000,0x00000000d6580000,0x00000000d6700000)
 ParOldGen       total 68608K, used 48966K [0x0000000080000000, 0x0000000084300000, 0x00000000d5580000)
  object space 68608K, 71% used [0x0000000080000000,0x0000000082fd19d0,0x0000000084300000)
 Metaspace       used 54705K, committed 56128K, reserved 1114112K
  class space    used 5927K, committed 6528K, reserved 1048576K
}
Event: 117.630 GC heap after
{Heap after GC invocations=35 (full 2):
 PSYoungGen      total 17920K, used 608K [0x00000000d5580000, 0x00000000d6800000, 0x0000000100000000)
  eden space 16384K, 0% used [0x00000000d5580000,0x00000000d5580000,0x00000000d6580000)
  from space 1536K, 39% used [0x00000000d6580000,0x00000000d66180c8,0x00000000d6700000)
  to   space 1024K, 0% used [0x00000000d6700000,0x00000000d6700000,0x00000000d6800000)
 ParOldGen       total 68608K, used 49086K [0x0000000080000000, 0x0000000084300000, 0x00000000d5580000)
  object space 68608K, 71% used [0x0000000080000000,0x0000000082fef9d0,0x0000000084300000)
 Metaspace       used 54705K, committed 56128K, reserved 1114112K
  class space    used 5927K, committed 6528K, reserved 1048576K
}
Event: 126.248 GC heap before
{Heap before GC invocations=36 (full 2):
 PSYoungGen      total 17920K, used 16992K [0x00000000d5580000, 0x00000000d6800000, 0x0000000100000000)
  eden space 16384K, 100% used [0x00000000d5580000,0x00000000d6580000,0x00000000d6580000)
  from space 1536K, 39% used [0x00000000d6580000,0x00000000d66180c8,0x00000000d6700000)
  to   space 1024K, 0% used [0x00000000d6700000,0x00000000d6700000,0x00000000d6800000)
 ParOldGen       total 68608K, used 49086K [0x0000000080000000, 0x0000000084300000, 0x00000000d5580000)
  object space 68608K, 71% used [0x0000000080000000,0x0000000082fef9d0,0x0000000084300000)
 Metaspace       used 56041K, committed 57472K, reserved 1114112K
  class space    used 6045K, committed 6656K, reserved 1048576K
}
Event: 126.255 GC heap after
{Heap after GC invocations=36 (full 2):
 PSYoungGen      total 17408K, used 704K [0x00000000d5580000, 0x00000000d6800000, 0x0000000100000000)
  eden space 16384K, 0% used [0x00000000d5580000,0x00000000d5580000,0x00000000d6580000)
  from space 1024K, 68% used [0x00000000d6700000,0x00000000d67b0000,0x00000000d6800000)
  to   space 1024K, 0% used [0x00000000d6600000,0x00000000d6600000,0x00000000d6700000)
 ParOldGen       total 68608K, used 49406K [0x0000000080000000, 0x0000000084300000, 0x00000000d5580000)
  object space 68608K, 72% used [0x0000000080000000,0x000000008303fa00,0x0000000084300000)
 Metaspace       used 56041K, committed 57472K, reserved 1114112K
  class space    used 6045K, committed 6656K, reserved 1048576K
}
Event: 129.769 GC heap before
{Heap before GC invocations=37 (full 2):
 PSYoungGen      total 17408K, used 17088K [0x00000000d5580000, 0x00000000d6800000, 0x0000000100000000)
  eden space 16384K, 100% used [0x00000000d5580000,0x00000000d6580000,0x00000000d6580000)
  from space 1024K, 68% used [0x00000000d6700000,0x00000000d67b0000,0x00000000d6800000)
  to   space 1024K, 0% used [0x00000000d6600000,0x00000000d6600000,0x00000000d6700000)
 ParOldGen       total 68608K, used 49406K [0x0000000080000000, 0x0000000084300000, 0x00000000d5580000)
  object space 68608K, 72% used [0x0000000080000000,0x000000008303fa00,0x0000000084300000)
 Metaspace       used 56774K, committed 58240K, reserved 1114112K
  class space    used 6100K, committed 6720K, reserved 1048576K
}
Event: 129.776 GC heap after
{Heap after GC invocations=37 (full 2):
 PSYoungGen      total 17408K, used 1008K [0x00000000d5580000, 0x00000000d6d80000, 0x0000000100000000)
  eden space 16384K, 0% used [0x00000000d5580000,0x00000000d5580000,0x00000000d6580000)
  from space 1024K, 98% used [0x00000000d6600000,0x00000000d66fc140,0x00000000d6700000)
  to   space 4096K, 0% used [0x00000000d6980000,0x00000000d6980000,0x00000000d6d80000)
 ParOldGen       total 68608K, used 51678K [0x0000000080000000, 0x0000000084300000, 0x00000000d5580000)
  object space 68608K, 75% used [0x0000000080000000,0x0000000083277be8,0x0000000084300000)
 Metaspace       used 56774K, committed 58240K, reserved 1114112K
  class space    used 6100K, committed 6720K, reserved 1048576K
}

