<?xml version="1.0" encoding="UTF-8"?>
<testsuite xmlns:xsi="http://www.w3.org/2001/XMLSchema-instance" xsi:noNamespaceSchemaLocation="https://maven.apache.org/surefire/maven-surefire-plugin/xsd/surefire-test-report-3.0.xsd" version="3.0" name="poly.edu.ProfilePageTest" time="16.344" tests="2" errors="0" skipped="0" failures="0">
  <properties>
[...]
</properties>
  <testcase name="profileUpdateFormPersistsSubmittedValues" classname="poly.edu.ProfilePageTest" time="1.287">
    <system-out><![CDATA[2026-06-08T16:51:02.495+07:00  INFO 10904 --- [LuxuryPC] [           main] t.c.s.AnnotationConfigContextLoaderUtils : Could not detect default configuration classes for test class [poly.edu.ProfilePageTest]: ProfilePageTest does not declare any static, non-private, non-final, nested classes annotated with @Configuration.
2026-06-08T16:51:02.528+07:00  INFO 10904 --- [LuxuryPC] [           main] .b.t.c.SpringBootTestContextBootstrapper : Found @SpringBootConfiguration poly.edu.LuxuryPcApplication for test class poly.edu.ProfilePageTest
2026-06-08T16:51:02.539+07:00  INFO 10904 --- [LuxuryPC] [           main] o.s.b.d.r.RestartApplicationListener     : Restart disabled due to context in which it is running

  .   ____          _            __ _ _
 /\\ / ___'_ __ _ _(_)_ __  __ _ \ \ \ \
( ( )\___ | '_ | '_| | '_ \/ _` | \ \ \ \
 \\/  ___)| |_)| | | | | || (_| |  ) ) ) )
  '  |____| .__|_| |_|_| |_\__, | / / / /
 =========|_|==============|___/=/_/_/_/
 :: Spring Boot ::                (v3.2.4)

2026-06-08T16:51:02.719+07:00  INFO 10904 --- [LuxuryPC] [           main] poly.edu.ProfilePageTest                 : Starting ProfilePageTest using Java 17.0.18 with PID 10904 (started by BA KHANG in D:\21_DUANTOTNGHIEP\Projects\Project-management-with-Agile)
2026-06-08T16:51:02.720+07:00  INFO 10904 --- [LuxuryPC] [           main] poly.edu.ProfilePageTest                 : The following 1 profile is active: "test"
2026-06-08T16:51:05.166+07:00  INFO 10904 --- [LuxuryPC] [           main] .s.d.r.c.RepositoryConfigurationDelegate : Bootstrapping Spring Data JPA repositories in DEFAULT mode.
2026-06-08T16:51:05.426+07:00  INFO 10904 --- [LuxuryPC] [           main] .s.d.r.c.RepositoryConfigurationDelegate : Finished Spring Data repository scanning in 256 ms. Found 18 JPA repository interfaces.
2026-06-08T16:51:05.961+07:00  INFO 10904 --- [LuxuryPC] [           main] o.hibernate.jpa.internal.util.LogHelper  : HHH000204: Processing PersistenceUnitInfo [name: default]
2026-06-08T16:51:05.975+07:00  INFO 10904 --- [LuxuryPC] [           main] o.h.c.internal.RegionFactoryInitiator    : HHH000026: Second-level cache disabled
2026-06-08T16:51:06.024+07:00  INFO 10904 --- [LuxuryPC] [           main] o.s.o.j.p.SpringPersistenceUnitInfo      : No LoadTimeWeaver setup: ignoring JPA class transformer
2026-06-08T16:51:06.029+07:00  INFO 10904 --- [LuxuryPC] [           main] com.zaxxer.hikari.HikariDataSource       : HikariPool-2 - Starting...
2026-06-08T16:51:06.035+07:00  INFO 10904 --- [LuxuryPC] [           main] com.zaxxer.hikari.pool.HikariPool        : HikariPool-2 - Added connection conn1: url=jdbc:h2:mem:testdb user=SA
2026-06-08T16:51:06.035+07:00  INFO 10904 --- [LuxuryPC] [           main] com.zaxxer.hikari.HikariDataSource       : HikariPool-2 - Start completed.
2026-06-08T16:51:06.036+07:00  WARN 10904 --- [LuxuryPC] [           main] org.hibernate.orm.deprecation            : HHH90000025: H2Dialect does not need to be specified explicitly using 'hibernate.dialect' (remove the property setting and it will be selected by default)
2026-06-08T16:51:07.116+07:00  INFO 10904 --- [LuxuryPC] [           main] o.h.e.t.j.p.i.JtaPlatformInitiator       : HHH000489: No JTA platform available (set 'hibernate.transaction.jta.platform' to enable JTA platform integration)
Hibernate: drop table if exists categories cascade 
Hibernate: drop table if exists flash_sale_items cascade 
Hibernate: drop table if exists flash_sales cascade 
Hibernate: drop table if exists inventory cascade 
Hibernate: drop table if exists order_items cascade 
Hibernate: drop table if exists orders cascade 
Hibernate: drop table if exists password_resets cascade 
Hibernate: drop table if exists products cascade 
Hibernate: drop table if exists reviews cascade 
Hibernate: drop table if exists roles cascade 
Hibernate: drop table if exists shipping_addresses cascade 
Hibernate: drop table if exists stock_movements cascade 
Hibernate: drop table if exists user_roles cascade 
Hibernate: drop table if exists user_vouchers cascade 
Hibernate: drop table if exists users cascade 
Hibernate: drop table if exists vouchers cascade 
Hibernate: drop table if exists wishlist_items cascade 
Hibernate: create table categories (id integer generated by default as identity, name varchar(255) unique, primary key (id))
Hibernate: create table flash_sale_items (flash_sale_id integer, id integer generated by default as identity, product_id integer, sale_price float(53), sale_quantity integer, sold_count integer, primary key (id))
Hibernate: create table flash_sales (active boolean, id integer generated by default as identity, created_at timestamp(6), end_time timestamp(6), start_time timestamp(6), name varchar(255), primary key (id))
Hibernate: create table inventory (id integer generated by default as identity, product_id integer unique, quantity integer, last_update timestamp(6), primary key (id))
Hibernate: create table order_items (id integer generated by default as identity, order_id integer, price float(53), product_id integer, quantity integer, primary key (id))
Hibernate: create table orders (discount_amount float(53), id integer generated by default as identity, total_price float(53), user_id integer, created_at timestamp(6), address varchar(255), city varchar(255), email varchar(255), full_name varchar(255), phone varchar(255), status varchar(255), voucher_code varchar(255), primary key (id))
Hibernate: create table password_resets (expiry timestamp(6), id bigint generated by default as identity, email varchar(100) not null, token varchar(255) not null, primary key (id))
Hibernate: create table products (category_id integer, id integer generated by default as identity, price float(53) not null, stock integer, created_at timestamp(6), description varchar(255), image varchar(255), name varchar(255), primary key (id))
Hibernate: create table reviews (id integer generated by default as identity, product_id integer, stars integer, user_id integer, created_at timestamp(6), content varchar(255), primary key (id))
Hibernate: create table roles (id integer not null, name varchar(255), primary key (id))
Hibernate: create table shipping_addresses (id integer generated by default as identity, is_default boolean not null, user_id integer not null, city varchar(120), district varchar(120), address varchar(500) not null, phone varchar(255) not null, recipient_name varchar(255) not null, primary key (id))
Hibernate: create table stock_movements (change_quantity integer, id integer generated by default as identity, product_id integer, created_at timestamp(6), movement_type varchar(255), note varchar(255), primary key (id))
Hibernate: create table user_roles (id integer generated by default as identity, role_id integer, user_id integer, primary key (id), unique (user_id, role_id))
Hibernate: create table user_vouchers (id integer generated by default as identity, is_used boolean not null, user_id integer not null, voucher_id integer not null, saved_at timestamp(6), used_at timestamp(6), primary key (id), unique (user_id, voucher_id))
Hibernate: create table users (gender boolean, id integer generated by default as identity, notify_flash_sale boolean, notify_new_products boolean, notify_order_updates boolean, notify_weekly_newsletter boolean, status boolean, birthday timestamp(6), created_at timestamp(6), address varchar(255), auth_provider varchar(255) check (auth_provider in ('LOCAL','GOOGLE','FACEBOOK')), avatar varchar(255), email varchar(255), full_name varchar(255), password varchar(255), phone varchar(255), provider_id varchar(255), username varchar(255), primary key (id))
Hibernate: create table vouchers (active boolean, category_id integer, discount_value float(53), id integer generated by default as identity, max_discount_amount float(53), min_order_amount float(53), usage_limit integer, used_count integer, created_at timestamp(6), end_date timestamp(6), start_date timestamp(6), code varchar(255) not null unique, description varchar(255), discount_type varchar(255) check (discount_type in ('PERCENTAGE','FIXED_AMOUNT')), primary key (id))
Hibernate: create table wishlist_items (id integer generated by default as identity, product_id integer not null, user_id integer not null, created_at timestamp(6), primary key (id), constraint uk_wishlist_user_product unique (user_id, product_id))
Hibernate: alter table if exists flash_sale_items add constraint FKmr5agn0eu29xqqog30yspa3e3 foreign key (flash_sale_id) references flash_sales
Hibernate: alter table if exists flash_sale_items add constraint FK5p9e16gsvvhlc28cjyvju7m99 foreign key (product_id) references products
Hibernate: alter table if exists inventory add constraint FKq2yge7ebtfuvwufr6lwfwqy9l foreign key (product_id) references products
Hibernate: alter table if exists order_items add constraint FKbioxgbv59vetrxe0ejfubep1w foreign key (order_id) references orders
Hibernate: alter table if exists order_items add constraint FKocimc7dtr037rh4ls4l95nlfi foreign key (product_id) references products
Hibernate: alter table if exists orders add constraint FK32ql8ubntj5uh44ph9659tiih foreign key (user_id) references users
Hibernate: alter table if exists products add constraint FKog2rp4qthbtt2lfyhfo32lsw9 foreign key (category_id) references categories
Hibernate: alter table if exists reviews add constraint FKpl51cejpw4gy5swfar8br9ngi foreign key (product_id) references products
Hibernate: alter table if exists reviews add constraint FKcgy7qjc1r99dp117y9en6lxye foreign key (user_id) references users
Hibernate: alter table if exists shipping_addresses add constraint FK6bp1apvusb3gj4170h4pesd3h foreign key (user_id) references users
Hibernate: alter table if exists stock_movements add constraint FKjcaag8ogfjxpwmqypi1wfdaog foreign key (product_id) references products
Hibernate: alter table if exists user_roles add constraint FKh8ciramu9cc9q3qcqiv4ue8a6 foreign key (role_id) references roles
Hibernate: alter table if exists user_roles add constraint FKhfh9dx7w3ubf1co1vdev94g3f foreign key (user_id) references users
Hibernate: alter table if exists user_vouchers add constraint FK90ahc2var0yrghyxr9tapdokg foreign key (user_id) references users
Hibernate: alter table if exists user_vouchers add constraint FK40ig7khk2v79rbqaj98mf1g2q foreign key (voucher_id) references vouchers
Hibernate: alter table if exists vouchers add constraint FKde2rrgktr2ehhkdosv4uotdcg foreign key (category_id) references categories
Hibernate: alter table if exists wishlist_items add constraint FKqxj7lncd242b59fb78rqegyxj foreign key (product_id) references products
Hibernate: alter table if exists wishlist_items add constraint FKmmj2k1i459yu449k3h1vx5abp foreign key (user_id) references users
2026-06-08T16:51:07.303+07:00  INFO 10904 --- [LuxuryPC] [           main] j.LocalContainerEntityManagerFactoryBean : Initialized JPA EntityManagerFactory for persistence unit 'default'
2026-06-08T16:51:11.155+07:00  WARN 10904 --- [LuxuryPC] [           main] JpaBaseConfiguration$JpaWebConfiguration : spring.jpa.open-in-view is enabled by default. Therefore, database queries may be performed during view rendering. Explicitly configure spring.jpa.open-in-view to disable this warning
2026-06-08T16:51:11.515+07:00  INFO 10904 --- [LuxuryPC] [           main] o.s.b.a.w.s.WelcomePageHandlerMapping    : Adding welcome page template: index
2026-06-08T16:51:12.375+07:00  INFO 10904 --- [LuxuryPC] [           main] o.s.b.a.e.web.EndpointLinksResolver      : Exposing 1 endpoint(s) beneath base path '/actuator'
2026-06-08T16:51:12.567+07:00  INFO 10904 --- [LuxuryPC] [           main] o.s.s.web.DefaultSecurityFilterChain     : Will secure any request with [org.springframework.security.web.session.DisableEncodeUrlFilter@9802c0e, org.springframework.security.web.context.request.async.WebAsyncManagerIntegrationFilter@50cd6946, org.springframework.security.web.context.SecurityContextHolderFilter@399b5121, org.springframework.security.web.header.HeaderWriterFilter@2af16755, org.springframework.web.filter.CorsFilter@99d19d6, org.springframework.security.web.csrf.CsrfFilter@6a4d03d5, org.springframework.security.web.authentication.logout.LogoutFilter@39aef4b8, org.springframework.security.oauth2.client.web.OAuth2AuthorizationRequestRedirectFilter@18c0abd3, org.springframework.security.oauth2.client.web.OAuth2LoginAuthenticationFilter@71951028, org.springframework.security.web.authentication.UsernamePasswordAuthenticationFilter@33ebc1d5, org.springframework.security.web.session.ConcurrentSessionFilter@6f66d1ee, org.springframework.security.web.savedrequest.RequestCacheAwareFilter@b08dae5, org.springframework.security.web.servletapi.SecurityContextHolderAwareRequestFilter@5c76bbf5, org.springframework.security.web.authentication.AnonymousAuthenticationFilter@1597d021, org.springframework.security.web.session.SessionManagementFilter@52ac965f, org.springframework.security.web.access.ExceptionTranslationFilter@628082cd, org.springframework.security.web.access.intercept.AuthorizationFilter@67b856d6]
2026-06-08T16:51:13.979+07:00  INFO 10904 --- [LuxuryPC] [           main] o.s.b.t.m.w.SpringBootMockServletContext : Initializing Spring TestDispatcherServlet ''
2026-06-08T16:51:13.979+07:00  INFO 10904 --- [LuxuryPC] [           main] o.s.t.web.servlet.TestDispatcherServlet  : Initializing Servlet ''
2026-06-08T16:51:13.986+07:00  INFO 10904 --- [LuxuryPC] [           main] o.s.t.web.servlet.TestDispatcherServlet  : Completed initialization in 5 ms
2026-06-08T16:51:14.107+07:00  INFO 10904 --- [LuxuryPC] [           main] poly.edu.ProfilePageTest                 : Started ProfilePageTest in 11.568 seconds (process running for 46.141)
Hibernate: select count(*) from reviews r1_0
Hibernate: select u1_0.id,u1_0.address,u1_0.auth_provider,u1_0.avatar,u1_0.birthday,u1_0.created_at,u1_0.email,u1_0.full_name,u1_0.gender,u1_0.notify_flash_sale,u1_0.notify_new_products,u1_0.notify_order_updates,u1_0.notify_weekly_newsletter,u1_0.password,u1_0.phone,u1_0.provider_id,u1_0.status,u1_0.username from users u1_0
Hibernate: insert into users (address,auth_provider,avatar,birthday,created_at,email,full_name,gender,notify_flash_sale,notify_new_products,notify_order_updates,notify_weekly_newsletter,password,phone,provider_id,status,username,id) values (?,?,?,?,?,?,?,?,?,?,?,?,?,?,?,?,?,default)
Hibernate: insert into reviews (content,created_at,product_id,stars,user_id,id) values (?,?,?,?,?,default)
Hibernate: insert into reviews (content,created_at,product_id,stars,user_id,id) values (?,?,?,?,?,default)
Hibernate: insert into reviews (content,created_at,product_id,stars,user_id,id) values (?,?,?,?,?,default)
>> Database Seed: Initial reviews loaded.
Hibernate: select p1_0.id,c1_0.id,c1_0.name,p1_0.created_at,p1_0.description,p1_0.image,p1_0.name,p1_0.price,p1_0.stock from products p1_0 join categories c1_0 on c1_0.id=p1_0.category_id
Hibernate: select u1_0.id,u1_0.address,u1_0.auth_provider,u1_0.avatar,u1_0.birthday,u1_0.created_at,u1_0.email,u1_0.full_name,u1_0.gender,u1_0.notify_flash_sale,u1_0.notify_new_products,u1_0.notify_order_updates,u1_0.notify_weekly_newsletter,u1_0.password,u1_0.phone,u1_0.provider_id,u1_0.status,u1_0.username from users u1_0 where u1_0.email=?
=================================================
DATABASE SCHEMA UDPATED SUCCESSFULLY!
auth_provider and provider_id columns are ready.
=================================================
Hibernate: insert into users (address,auth_provider,avatar,birthday,created_at,email,full_name,gender,notify_flash_sale,notify_new_products,notify_order_updates,notify_weekly_newsletter,password,phone,provider_id,status,username,id) values (?,?,?,?,?,?,?,?,?,?,?,?,?,?,?,?,?,default)
Hibernate: select u1_0.id,u1_0.address,u1_0.auth_provider,u1_0.avatar,u1_0.birthday,u1_0.created_at,u1_0.email,u1_0.full_name,u1_0.gender,u1_0.notify_flash_sale,u1_0.notify_new_products,u1_0.notify_order_updates,u1_0.notify_weekly_newsletter,u1_0.password,u1_0.phone,u1_0.provider_id,u1_0.status,u1_0.username from users u1_0 where u1_0.email=?
Hibernate: select u1_0.id,u1_0.address,u1_0.auth_provider,u1_0.avatar,u1_0.birthday,u1_0.created_at,u1_0.email,u1_0.full_name,u1_0.gender,u1_0.notify_flash_sale,u1_0.notify_new_products,u1_0.notify_order_updates,u1_0.notify_weekly_newsletter,u1_0.password,u1_0.phone,u1_0.provider_id,u1_0.status,u1_0.username from users u1_0 where u1_0.email=?
Hibernate: select u1_0.id,u1_0.address,u1_0.auth_provider,u1_0.avatar,u1_0.birthday,u1_0.created_at,u1_0.email,u1_0.full_name,u1_0.gender,u1_0.notify_flash_sale,u1_0.notify_new_products,u1_0.notify_order_updates,u1_0.notify_weekly_newsletter,u1_0.password,u1_0.phone,u1_0.provider_id,u1_0.status,u1_0.username from users u1_0 where u1_0.email=?
Hibernate: update users set address=?,auth_provider=?,avatar=?,birthday=?,created_at=?,email=?,full_name=?,gender=?,notify_flash_sale=?,notify_new_products=?,notify_order_updates=?,notify_weekly_newsletter=?,password=?,phone=?,provider_id=?,status=?,username=? where id=?
Hibernate: select u1_0.id,u1_0.address,u1_0.auth_provider,u1_0.avatar,u1_0.birthday,u1_0.created_at,u1_0.email,u1_0.full_name,u1_0.gender,u1_0.notify_flash_sale,u1_0.notify_new_products,u1_0.notify_order_updates,u1_0.notify_weekly_newsletter,u1_0.password,u1_0.phone,u1_0.provider_id,u1_0.status,u1_0.username from users u1_0 where u1_0.email=?
]]></system-out>
  </testcase>
  <testcase name="profilePageRendersForLoggedInUser" classname="poly.edu.ProfilePageTest" time="3.355">
    <system-out><![CDATA[Hibernate: insert into users (address,auth_provider,avatar,birthday,created_at,email,full_name,gender,notify_flash_sale,notify_new_products,notify_order_updates,notify_weekly_newsletter,password,phone,provider_id,status,username,id) values (?,?,?,?,?,?,?,?,?,?,?,?,?,?,?,?,?,default)
Hibernate: select u1_0.id,u1_0.address,u1_0.auth_provider,u1_0.avatar,u1_0.birthday,u1_0.created_at,u1_0.email,u1_0.full_name,u1_0.gender,u1_0.notify_flash_sale,u1_0.notify_new_products,u1_0.notify_order_updates,u1_0.notify_weekly_newsletter,u1_0.password,u1_0.phone,u1_0.provider_id,u1_0.status,u1_0.username from users u1_0 where u1_0.email=?
Hibernate: select u1_0.id,u1_0.address,u1_0.auth_provider,u1_0.avatar,u1_0.birthday,u1_0.created_at,u1_0.email,u1_0.full_name,u1_0.gender,u1_0.notify_flash_sale,u1_0.notify_new_products,u1_0.notify_order_updates,u1_0.notify_weekly_newsletter,u1_0.password,u1_0.phone,u1_0.provider_id,u1_0.status,u1_0.username from users u1_0 where u1_0.email=?
Hibernate: select u1_0.id,u1_0.address,u1_0.auth_provider,u1_0.avatar,u1_0.birthday,u1_0.created_at,u1_0.email,u1_0.full_name,u1_0.gender,u1_0.notify_flash_sale,u1_0.notify_new_products,u1_0.notify_order_updates,u1_0.notify_weekly_newsletter,u1_0.password,u1_0.phone,u1_0.provider_id,u1_0.status,u1_0.username from users u1_0 where u1_0.email=?
Hibernate: select coalesce(sum(o1_0.total_price),0.0) from orders o1_0 where o1_0.user_id=? and o1_0.status='COMPLETED'
Hibernate: select count(o1_0.id) from orders o1_0 left join users u1_0 on u1_0.id=o1_0.user_id where u1_0.id=?
Hibernate: select o1_0.id,o1_0.address,o1_0.city,o1_0.created_at,o1_0.discount_amount,o1_0.email,o1_0.full_name,o1_0.phone,o1_0.status,o1_0.total_price,o1_0.user_id,o1_0.voucher_code from orders o1_0 left join users u1_0 on u1_0.id=o1_0.user_id where u1_0.id=? order by o1_0.created_at desc
Hibernate: select u1_0.id,u1_0.address,u1_0.auth_provider,u1_0.avatar,u1_0.birthday,u1_0.created_at,u1_0.email,u1_0.full_name,u1_0.gender,u1_0.notify_flash_sale,u1_0.notify_new_products,u1_0.notify_order_updates,u1_0.notify_weekly_newsletter,u1_0.password,u1_0.phone,u1_0.provider_id,u1_0.status,u1_0.username from users u1_0 where u1_0.email=?
Hibernate: select wi1_0.id,wi1_0.created_at,wi1_0.product_id,wi1_0.user_id from wishlist_items wi1_0 join users u1_0 on u1_0.id=wi1_0.user_id where u1_0.id=? order by wi1_0.created_at desc
Hibernate: select u1_0.id,u1_0.address,u1_0.auth_provider,u1_0.avatar,u1_0.birthday,u1_0.created_at,u1_0.email,u1_0.full_name,u1_0.gender,u1_0.notify_flash_sale,u1_0.notify_new_products,u1_0.notify_order_updates,u1_0.notify_weekly_newsletter,u1_0.password,u1_0.phone,u1_0.provider_id,u1_0.status,u1_0.username from users u1_0 where u1_0.email=?
Hibernate: select count(wi1_0.id) from wishlist_items wi1_0 join users u1_0 on u1_0.id=wi1_0.user_id where u1_0.id=?
Hibernate: select u1_0.id,u1_0.address,u1_0.auth_provider,u1_0.avatar,u1_0.birthday,u1_0.created_at,u1_0.email,u1_0.full_name,u1_0.gender,u1_0.notify_flash_sale,u1_0.notify_new_products,u1_0.notify_order_updates,u1_0.notify_weekly_newsletter,u1_0.password,u1_0.phone,u1_0.provider_id,u1_0.status,u1_0.username from users u1_0 where u1_0.email=?
Hibernate: select sa1_0.id,sa1_0.address,sa1_0.city,sa1_0.is_default,sa1_0.district,sa1_0.phone,sa1_0.recipient_name,sa1_0.user_id from shipping_addresses sa1_0 join users u1_0 on u1_0.id=sa1_0.user_id where u1_0.id=? order by sa1_0.is_default desc,sa1_0.id
Hibernate: select u1_0.id,u1_0.address,u1_0.auth_provider,u1_0.avatar,u1_0.birthday,u1_0.created_at,u1_0.email,u1_0.full_name,u1_0.gender,u1_0.notify_flash_sale,u1_0.notify_new_products,u1_0.notify_order_updates,u1_0.notify_weekly_newsletter,u1_0.password,u1_0.phone,u1_0.provider_id,u1_0.status,u1_0.username from users u1_0 where u1_0.email=?
Hibernate: select uv1_0.id,uv1_0.is_used,uv1_0.saved_at,uv1_0.used_at,uv1_0.user_id,uv1_0.voucher_id from user_vouchers uv1_0 where uv1_0.user_id=? order by uv1_0.saved_at desc
]]></system-out>
  </testcase>
</testsuite>