<?xml version="1.0" encoding="UTF-8"?>
<testsuite xmlns:xsi="http://www.w3.org/2001/XMLSchema-instance" xsi:noNamespaceSchemaLocation="https://maven.apache.org/surefire/maven-surefire-plugin/xsd/surefire-test-report-3.0.xsd" version="3.0" name="poly.edu.SYS_PR_ProductTest" time="1.25" tests="12" errors="0" skipped="0" failures="0">
  <properties>
[...]
</properties>
  <testcase name="test_AUT_PR_03_GiaAmKhongHopLe" classname="poly.edu.SYS_PR_ProductTest" time="0.088">
    <system-out><![CDATA[2026-06-08T16:51:40.787+07:00  INFO 10904 --- [LuxuryPC] [           main] t.c.s.AnnotationConfigContextLoaderUtils : Could not detect default configuration classes for test class [poly.edu.SYS_PR_ProductTest]: SYS_PR_ProductTest does not declare any static, non-private, non-final, nested classes annotated with @Configuration.
2026-06-08T16:51:40.823+07:00  INFO 10904 --- [LuxuryPC] [           main] .b.t.c.SpringBootTestContextBootstrapper : Found @SpringBootConfiguration poly.edu.LuxuryPcApplication for test class poly.edu.SYS_PR_ProductTest
Hibernate: insert into categories (name,id) values (?,default)
]]></system-out>
  </testcase>
  <testcase name="test_SYS_PR_10_EmptyStateLogic" classname="poly.edu.SYS_PR_ProductTest" time="0.439">
    <system-out><![CDATA[Hibernate: insert into categories (name,id) values (?,default)
Hibernate: select p1_0.id,p1_0.category_id,p1_0.created_at,p1_0.description,p1_0.image,p1_0.name,p1_0.price,p1_0.stock from products p1_0
Hibernate: select p1_0.id,c1_0.id,c1_0.name,p1_0.created_at,p1_0.description,p1_0.image,p1_0.name,p1_0.price,p1_0.stock from products p1_0 join categories c1_0 on c1_0.id=p1_0.category_id
]]></system-out>
  </testcase>
  <testcase name="test_AUT_PR_01_ThemSanPhamHopLe" classname="poly.edu.SYS_PR_ProductTest" time="0.012">
    <system-out><![CDATA[Hibernate: insert into categories (name,id) values (?,default)
Hibernate: insert into products (category_id,created_at,description,image,name,price,stock,id) values (?,?,?,?,?,?,?,default)
]]></system-out>
  </testcase>
  <testcase name="test_SYS_PR_12_PromotionDisplay" classname="poly.edu.SYS_PR_ProductTest" time="0.009">
    <system-out><![CDATA[Hibernate: insert into categories (name,id) values (?,default)
]]></system-out>
  </testcase>
  <testcase name="test_AUT_PR_05_XoaSanPham" classname="poly.edu.SYS_PR_ProductTest" time="0.022">
    <system-out><![CDATA[Hibernate: insert into categories (name,id) values (?,default)
Hibernate: insert into products (category_id,created_at,description,image,name,price,stock,id) values (?,?,?,?,?,?,?,default)
Hibernate: delete from products where id=?
Hibernate: select p1_0.id,c1_0.id,c1_0.name,p1_0.created_at,p1_0.description,p1_0.image,p1_0.name,p1_0.price,p1_0.stock from products p1_0 left join categories c1_0 on c1_0.id=p1_0.category_id where p1_0.id=?
]]></system-out>
  </testcase>
  <testcase name="test_AUT_PR_02_ChanTenSanPhamRong" classname="poly.edu.SYS_PR_ProductTest" time="0.023">
    <system-out><![CDATA[Hibernate: insert into categories (name,id) values (?,default)
]]></system-out>
  </testcase>
  <testcase name="test_SYS_PR_06_Pagination" classname="poly.edu.SYS_PR_ProductTest" time="0.168">
    <system-out><![CDATA[Hibernate: insert into categories (name,id) values (?,default)
Hibernate: insert into products (category_id,created_at,description,image,name,price,stock,id) values (?,?,?,?,?,?,?,default)
Hibernate: insert into products (category_id,created_at,description,image,name,price,stock,id) values (?,?,?,?,?,?,?,default)
Hibernate: insert into products (category_id,created_at,description,image,name,price,stock,id) values (?,?,?,?,?,?,?,default)
Hibernate: insert into products (category_id,created_at,description,image,name,price,stock,id) values (?,?,?,?,?,?,?,default)
Hibernate: insert into products (category_id,created_at,description,image,name,price,stock,id) values (?,?,?,?,?,?,?,default)
Hibernate: insert into products (category_id,created_at,description,image,name,price,stock,id) values (?,?,?,?,?,?,?,default)
Hibernate: insert into products (category_id,created_at,description,image,name,price,stock,id) values (?,?,?,?,?,?,?,default)
Hibernate: insert into products (category_id,created_at,description,image,name,price,stock,id) values (?,?,?,?,?,?,?,default)
Hibernate: insert into products (category_id,created_at,description,image,name,price,stock,id) values (?,?,?,?,?,?,?,default)
Hibernate: insert into products (category_id,created_at,description,image,name,price,stock,id) values (?,?,?,?,?,?,?,default)
Hibernate: insert into products (category_id,created_at,description,image,name,price,stock,id) values (?,?,?,?,?,?,?,default)
Hibernate: select p1_0.id,c1_0.id,c1_0.name,p1_0.created_at,p1_0.description,p1_0.image,p1_0.name,p1_0.price,p1_0.stock from products p1_0 join categories c1_0 on c1_0.id=p1_0.category_id
]]></system-out>
  </testcase>
  <testcase name="test_AUT_PR_04_TimSanPhamTheoID" classname="poly.edu.SYS_PR_ProductTest" time="0.021">
    <system-out><![CDATA[Hibernate: insert into categories (name,id) values (?,default)
Hibernate: insert into products (category_id,created_at,description,image,name,price,stock,id) values (?,?,?,?,?,?,?,default)
]]></system-out>
  </testcase>
  <testcase name="test_SYS_PR_09_LoadingSkeletonLogic" classname="poly.edu.SYS_PR_ProductTest" time="0.043">
    <system-out><![CDATA[Hibernate: insert into categories (name,id) values (?,default)
Hibernate: select p1_0.id,c1_0.id,c1_0.name,p1_0.created_at,p1_0.description,p1_0.image,p1_0.name,p1_0.price,p1_0.stock from products p1_0 join categories c1_0 on c1_0.id=p1_0.category_id
]]></system-out>
  </testcase>
  <testcase name="test_SYS_PR_11_ErrorApiHandling" classname="poly.edu.SYS_PR_ProductTest" time="0.039">
    <system-out><![CDATA[Hibernate: insert into categories (name,id) values (?,default)
]]></system-out>
  </testcase>
  <testcase name="test_SYS_PR_08_SearchProduct" classname="poly.edu.SYS_PR_ProductTest" time="0.232">
    <system-out><![CDATA[Hibernate: insert into categories (name,id) values (?,default)
Hibernate: insert into products (category_id,created_at,description,image,name,price,stock,id) values (?,?,?,?,?,?,?,default)
Hibernate: insert into products (category_id,created_at,description,image,name,price,stock,id) values (?,?,?,?,?,?,?,default)
Hibernate: select p1_0.id,p1_0.category_id,p1_0.created_at,p1_0.description,p1_0.image,p1_0.name,p1_0.price,p1_0.stock from products p1_0 where (? is null or p1_0.category_id=?) and (? is null or p1_0.price>=?) and (? is null or p1_0.price<=?) and (? is null or p1_0.name like ? escape '' or p1_0.description like ? escape '') and p1_0.image is not null
]]></system-out>
  </testcase>
  <testcase name="test_SYS_PR_07_FilterProduct" classname="poly.edu.SYS_PR_ProductTest" time="0.037">
    <system-out><![CDATA[Hibernate: insert into categories (name,id) values (?,default)
Hibernate: insert into products (category_id,created_at,description,image,name,price,stock,id) values (?,?,?,?,?,?,?,default)
Hibernate: insert into products (category_id,created_at,description,image,name,price,stock,id) values (?,?,?,?,?,?,?,default)
Hibernate: select p1_0.id,p1_0.category_id,p1_0.created_at,p1_0.description,p1_0.image,p1_0.name,p1_0.price,p1_0.stock from products p1_0 where (? is null or p1_0.category_id=?) and (? is null or p1_0.price>=?) and (? is null or p1_0.price<=?) and (? is null or p1_0.name like ? escape '' or p1_0.description like ? escape '') and p1_0.image is not null
]]></system-out>
  </testcase>
</testsuite>